<?xml version="1.0" encoding="UTF-8"?>
<!-- Generated by org.testng.reporters.JUnitXMLReporter -->
<testsuite ignored="1" hostname="DESKTOP-TJLF2D8" failures="1" tests="1" name="Surefire test" time="0.037" errors="0" timestamp="2024-03-10T15:34:24 GMT-04:00">
  <testcase classname="score.mobileAutomation.login.LoginTest" name="loginTest" time="0.0">
    <failure type="org.testng.TestNGException" message="
Method public void score.mobileAutomation.login.LoginTest.loginTest(java.lang.String,java.lang.String,java.lang.String) requires a @DataProvider named : BrowseDataProvider">
      <![CDATA[org.testng.TestNGException: 
Method public void score.mobileAutomation.login.LoginTest.loginTest(java.lang.String,java.lang.String,java.lang.String) requires a @DataProvider named : BrowseDataProvider
at java.base/java.util.ArrayList.forEach(ArrayList.java:1540)
... Removed 29 stack frames]]>
    </failure>
  </testcase> <!-- loginTest -->
  <testcase classname="score.mobileAutomation.baseTest.DriverFactory" name="@BeforeSuite initTest" time="0.0">
    <ignored/>
  </testcase> <!-- @BeforeSuite initTest -->
</testsuite> <!-- Surefire test -->
