<?xml version="1.0" encoding="UTF-8"?>
<testng-results ignored="0" total="1" passed="1" failed="0" skipped="0">
  <reporter-output>
  </reporter-output>
  <suite started-at="2024-03-10T15:34:19 GMT-04:00" name="Surefire suite" finished-at="2024-03-10T15:34:19 GMT-04:00" duration-ms="96">
    <groups>
    </groups>
    <test started-at="2024-03-10T15:34:19 GMT-04:00" name="Surefire test" finished-at="2024-03-10T15:34:19 GMT-04:00" duration-ms="96">
      <class name="score.mobileAutomation.AppTest">
        <test-method signature="shouldAnswerWithTrue()" started-at="2024-03-10T15:34:19 GMT-04:00" name="shouldAnswerWithTrue" finished-at="2024-03-10T15:34:19 GMT-04:00" duration-ms="14" status="PASS">
          <reporter-output>
          </reporter-output>
        </test-method> <!-- shouldAnswerWithTrue -->
      </class> <!-- score.mobileAutomation.AppTest -->
    </test> <!-- Surefire test -->
  </suite> <!-- Surefire suite -->
</testng-results>
